<?xml version="1.0" encoding="utf-8"?><testsuites name="pytest tests"><testsuite name="pytest" errors="0" failures="0" skipped="0" tests="8" time="5.064" timestamp="2026-02-27T01:42:02.623886+00:00" hostname="agent-env-1334e593-fb97-4c98-809b-759466a95fef"><testcase classname="backend.tests.test_admin_metrics.TestAdminMetricsEndpoint" name="test_admin_metrics_returns_all_required_fields" time="2.159" /><testcase classname="backend.tests.test_admin_metrics.TestAdminMetricsEndpoint" name="test_plan_breakdown_structure" time="0.366" /><testcase classname="backend.tests.test_admin_metrics.TestAdminMetricsEndpoint" name="test_mrr_history_structure" time="0.289" /><testcase classname="backend.tests.test_admin_metrics.TestAdminMetricsEndpoint" name="test_admin_metrics_requires_super_admin" time="0.126" /><testcase classname="backend.tests.test_admin_metrics.TestAdminMetricsEndpoint" name="test_admin_metrics_force_refresh" time="1.058" /><testcase classname="backend.tests.test_admin_metrics.TestAdminSubscribersEndpoint" name="test_get_subscribers_list" time="0.482" /><testcase classname="backend.tests.test_admin_metrics.TestAdminMRRHistoryEndpoint" name="test_get_mrr_history" time="0.247" /><testcase classname="backend.tests.test_admin_metrics.TestHealthCheck" name="test_health_endpoint" time="0.226" /></testsuite></testsuites>