<?xml version="1.0" encoding="utf-8"?><testsuites name="pytest tests"><testsuite name="pytest" errors="0" failures="1" skipped="0" tests="21" time="205.115" timestamp="2026-03-05T21:59:22.203318+00:00" hostname="agent-env-213a8dbc-b6ef-4eb8-b6d0-c5ff508ad34a"><testcase classname="backend.tests.test_iteration22_features.TestAuthentication" name="test_admin_login" time="0.786" /><testcase classname="backend.tests.test_iteration22_features.TestProjectsCRUD" name="test_list_projects" time="4.533" /><testcase classname="backend.tests.test_iteration22_features.TestProjectsCRUD" name="test_create_project_minimal" time="8.881" /><testcase classname="backend.tests.test_iteration22_features.TestProjectsCRUD" name="test_create_project_full" time="13.051" /><testcase classname="backend.tests.test_iteration22_features.TestProjectsCRUD" name="test_update_project" time="13.011" /><testcase classname="backend.tests.test_iteration22_features.TestProjectsCRUD" name="test_delete_project" time="12.691" /><testcase classname="backend.tests.test_iteration22_features.TestServiceCategories" name="test_get_service_categories" time="6.042" /><testcase classname="backend.tests.test_iteration22_features.TestServiceCategories" name="test_categories_have_services" time="5.440" /><testcase classname="backend.tests.test_iteration22_features.TestServiceCategories" name="test_get_single_category" time="9.805" /><testcase classname="backend.tests.test_iteration22_features.TestServiceRequests" name="test_create_service_request" time="10.318" /><testcase classname="backend.tests.test_iteration22_features.TestServiceRequests" name="test_get_my_requests" time="4.151" /><testcase classname="backend.tests.test_iteration22_features.TestServiceRequests" name="test_get_all_requests_admin" time="4.229" /><testcase classname="backend.tests.test_iteration22_features.TestServiceRequests" name="test_filter_requests_by_status" time="4.472" /><testcase classname="backend.tests.test_iteration22_features.TestServiceRequests" name="test_update_request_status" time="13.706" /><testcase classname="backend.tests.test_iteration22_features.TestFinancialDashboard" name="test_get_financial_dashboard" time="12.416" /><testcase classname="backend.tests.test_iteration22_features.TestFinancialDashboard" name="test_financial_dashboard_periods" time="45.850" /><testcase classname="backend.tests.test_iteration22_features.TestFinancialDashboard" name="test_monthly_revenue_structure" time="11.556" /><testcase classname="backend.tests.test_iteration22_features.TestFinancialDashboard" name="test_invoices_by_status" time="11.331" /><testcase classname="backend.tests.test_iteration22_features.TestFinancialDashboard" name="test_export_csv" time="4.034"><failure message="AssertionError: CSV export failed: Internal Server Error&#10;assert 500 == 200&#10; +  where 500 = &lt;Response [500]&gt;.status_code">backend/tests/test_iteration22_features.py:438: in test_export_csv
    assert response.status_code == 200, f"CSV export failed: {response.text}"
E   AssertionError: CSV export failed: Internal Server Error
E   assert 500 == 200
E    +  where 500 = &lt;Response [500]&gt;.status_code</failure></testcase><testcase classname="backend.tests.test_iteration22_features.TestFinancialDashboard" name="test_export_excel" time="4.217" /><testcase classname="backend.tests.test_iteration22_features.TestServiceRequestStats" name="test_get_service_stats" time="4.438" /></testsuite></testsuites>