<?xml version="1.0" encoding="utf-8"?><testsuites name="pytest tests"><testsuite name="pytest" errors="3" failures="0" skipped="0" tests="12" time="14.054" timestamp="2026-02-26T02:53:33.902731+00:00" hostname="agent-env-45b7fd16-2682-4796-8c3c-ab1e76b2ac46"><testcase classname="backend.tests.test_dynamic_categories.TestBusinessTypes" name="test_get_business_types_returns_types_and_labels" time="0.154" /><testcase classname="backend.tests.test_dynamic_categories.TestCategoriesWithItems" name="test_get_categories_with_items_returns_categories" time="1.878" /><testcase classname="backend.tests.test_dynamic_categories.TestCategoriesWithItems" name="test_categories_include_expected_names" time="1.871" /><testcase classname="backend.tests.test_dynamic_categories.TestCategoryItems" name="test_get_category_items_returns_items" time="2.764" /><testcase classname="backend.tests.test_dynamic_categories.TestCategoryItems" name="test_get_category_items_invalid_id_returns_empty" time="2.176" /><testcase classname="backend.tests.test_dynamic_categories.TestSettingsBusinessType" name="test_get_settings_includes_business_type" time="0.903" /><testcase classname="backend.tests.test_dynamic_categories.TestSettingsBusinessType" name="test_update_settings_business_type" time="2.001" /><testcase classname="backend.tests.test_dynamic_categories.TestCategoryFiltering" name="test_general_user_sees_all_categories" time="0.138"><error message="failed on setup with &quot;AssertionError: Login failed: {&quot;error&quot;:&quot;Rate limit exceeded: 5 per 1 minute&quot;}&#10;assert 429 == 200&#10; +  where 429 = &lt;Response [429]&gt;.status_code&quot;">backend/tests/test_dynamic_categories.py:232: in setup
    assert login_response.status_code == 200, f"Login failed: {login_response.text}"
E   AssertionError: Login failed: {"error":"Rate limit exceeded: 5 per 1 minute"}
E   assert 429 == 200
E    +  where 429 = &lt;Response [429]&gt;.status_code</error></testcase><testcase classname="backend.tests.test_dynamic_categories.TestCategoryFiltering" name="test_electrician_sees_filtered_categories" time="0.118"><error message="failed on setup with &quot;AssertionError: Login failed: {&quot;error&quot;:&quot;Rate limit exceeded: 5 per 1 minute&quot;}&#10;assert 429 == 200&#10; +  where 429 = &lt;Response [429]&gt;.status_code&quot;">backend/tests/test_dynamic_categories.py:232: in setup
    assert login_response.status_code == 200, f"Login failed: {login_response.text}"
E   AssertionError: Login failed: {"error":"Rate limit exceeded: 5 per 1 minute"}
E   assert 429 == 200
E    +  where 429 = &lt;Response [429]&gt;.status_code</error></testcase><testcase classname="backend.tests.test_dynamic_categories.TestCategoriesEndpoint" name="test_get_categories_returns_list" time="0.904" /><testcase classname="backend.tests.test_dynamic_categories.TestSearchItems" name="test_search_items_returns_results" time="0.895" /><testcase classname="backend.tests.test_dynamic_categories.TestSearchItems" name="test_search_items_short_query_returns_empty" time="0.165"><error message="failed on setup with &quot;AssertionError: Login failed: {&quot;error&quot;:&quot;Rate limit exceeded: 5 per 1 minute&quot;}&#10;assert 429 == 200&#10; +  where 429 = &lt;Response [429]&gt;.status_code&quot;">backend/tests/test_dynamic_categories.py:330: in setup
    assert login_response.status_code == 200, f"Login failed: {login_response.text}"
E   AssertionError: Login failed: {"error":"Rate limit exceeded: 5 per 1 minute"}
E   assert 429 == 200
E    +  where 429 = &lt;Response [429]&gt;.status_code</error></testcase></testsuite></testsuites>