<?xml version="1.0" encoding="utf-8"?><testsuites name="pytest tests"><testsuite name="pytest" errors="0" failures="0" skipped="0" tests="14" time="3.949" timestamp="2026-02-04T02:36:50.464947+00:00" hostname="agent-env-354a537b-935e-419a-98e1-b3878a823ec9"><testcase classname="backend.tests.test_auto_entrepreneur_features.TestAuthAndSetup" name="test_login_success" time="0.367" /><testcase classname="backend.tests.test_auto_entrepreneur_features.TestCompanySettingsNewFields" name="test_get_settings_has_new_fields" time="0.319" /><testcase classname="backend.tests.test_auto_entrepreneur_features.TestCompanySettingsNewFields" name="test_update_legal_fields" time="0.045" /><testcase classname="backend.tests.test_auto_entrepreneur_features.TestCompanySettingsNewFields" name="test_update_bank_fields" time="0.103" /><testcase classname="backend.tests.test_auto_entrepreneur_features.TestCompanySettingsNewFields" name="test_update_payment_delay" time="0.147" /><testcase classname="backend.tests.test_auto_entrepreneur_features.TestAutoEntrepreneurMode" name="test_enable_auto_entrepreneur_mode" time="0.891" /><testcase classname="backend.tests.test_auto_entrepreneur_features.TestAutoEntrepreneurMode" name="test_invoice_creation_auto_entrepreneur_no_vat" time="0.218" /><testcase classname="backend.tests.test_auto_entrepreneur_features.TestAutoEntrepreneurMode" name="test_disable_auto_entrepreneur_mode" time="0.108" /><testcase classname="backend.tests.test_auto_entrepreneur_features.TestAutoEntrepreneurMode" name="test_invoice_creation_normal_mode_with_vat" time="0.162" /><testcase classname="backend.tests.test_auto_entrepreneur_features.TestInvoicePaymentDueDate" name="test_invoice_has_payment_due_date" time="0.526" /><testcase classname="backend.tests.test_auto_entrepreneur_features.TestInvoicePaymentDueDate" name="test_invoice_custom_payment_delay" time="0.075" /><testcase classname="backend.tests.test_auto_entrepreneur_features.TestPDFGeneration" name="test_quote_pdf_endpoint_exists" time="0.373" /><testcase classname="backend.tests.test_auto_entrepreneur_features.TestPDFGeneration" name="test_invoice_pdf_endpoint_exists" time="0.046" /><testcase classname="backend.tests.test_auto_entrepreneur_features.TestCleanup" name="test_cleanup_test_clients" time="0.452" /></testsuite></testsuites>