<?xml version="1.0" encoding="utf-8"?><testsuites name="pytest tests"><testsuite name="pytest" errors="0" failures="0" skipped="0" tests="13" time="10.345" timestamp="2026-02-24T01:52:50.340974+00:00" hostname="agent-env-036fe6c9-d2dc-4a30-818d-7c461c7bdda5"><testcase classname="backend.tests.test_rbac.TestRBACBackend" name="test_login_returns_role_super_admin" time="0.637" /><testcase classname="backend.tests.test_rbac.TestRBACBackend" name="test_login_returns_role_regular_user" time="1.750" /><testcase classname="backend.tests.test_rbac.TestRBACBackend" name="test_regular_user_cannot_access_users_list" time="0.224" /><testcase classname="backend.tests.test_rbac.TestRBACBackend" name="test_regular_user_cannot_modify_settings" time="0.230" /><testcase classname="backend.tests.test_rbac.TestRBACBackend" name="test_super_admin_can_list_users" time="0.322" /><testcase classname="backend.tests.test_rbac.TestRBACBackend" name="test_super_admin_can_update_user_role" time="0.890" /><testcase classname="backend.tests.test_rbac.TestRBACBackend" name="test_regular_user_cannot_update_roles" time="0.544" /><testcase classname="backend.tests.test_rbac.TestRBACBackend" name="test_super_admin_cannot_be_modified_by_admin" time="2.241" /><testcase classname="backend.tests.test_rbac.TestRBACBackend" name="test_invalid_role_rejected" time="0.273" /><testcase classname="backend.tests.test_rbac.TestRBACBackend" name="test_super_admin_can_get_single_user" time="0.355" /><testcase classname="backend.tests.test_rbac.TestRBACBackend" name="test_super_admin_can_activate_deactivate_user" time="0.861" /><testcase classname="backend.tests.test_rbac.TestRBACBackend" name="test_cannot_deactivate_super_admin" time="0.634" /><testcase classname="backend.tests.test_rbac.TestRBACCleanup" name="test_cleanup_test_user" time="1.315" /></testsuite></testsuites>