<?xml version="1.0" encoding="utf-8"?><testsuites name="pytest tests"><testsuite name="pytest" errors="0" failures="0" skipped="1" tests="15" time="11.074" timestamp="2026-03-05T15:51:47.633153+00:00" hostname="agent-env-8f09d10a-ea23-4ad6-8bed-7337fb919046"><testcase classname="backend.tests.test_admin_features_iteration21.TestAdminAuthentication" name="test_admin_login_success" time="0.720" /><testcase classname="backend.tests.test_admin_features_iteration21.TestAdminAuthentication" name="test_user_login_success" time="0.582" /><testcase classname="backend.tests.test_admin_features_iteration21.TestUsersList" name="test_admin_can_list_users" time="1.046" /><testcase classname="backend.tests.test_admin_features_iteration21.TestUsersList" name="test_regular_user_cannot_list_users" time="0.868" /><testcase classname="backend.tests.test_admin_features_iteration21.TestProfileCompletion" name="test_profile_completion_endpoint_exists" time="0.982" /><testcase classname="backend.tests.test_admin_features_iteration21.TestProfileCompletion" name="test_profile_completion_returns_correct_structure" time="0.781" /><testcase classname="backend.tests.test_admin_features_iteration21.TestProfileCompletion" name="test_profile_completion_categories" time="0.857" /><testcase classname="backend.tests.test_admin_features_iteration21.TestProfileCompletion" name="test_regular_user_cannot_access_profile_completion" time="0.257" /><testcase classname="backend.tests.test_admin_features_iteration21.TestUserDetail" name="test_admin_can_view_user_detail" time="0.725" /><testcase classname="backend.tests.test_admin_features_iteration21.TestUserDetail" name="test_user_detail_includes_all_fields" time="0.665" /><testcase classname="backend.tests.test_admin_features_iteration21.TestAdminDeleteUser" name="test_delete_endpoint_requires_otp" time="0.826" /><testcase classname="backend.tests.test_admin_features_iteration21.TestAdminDeleteUser" name="test_admin_can_request_delete_otp" time="0.915" /><testcase classname="backend.tests.test_admin_features_iteration21.TestAdminDeleteUser" name="test_admin_cannot_delete_other_admin" time="0.349"><skipped type="pytest.skip" message="No admin user found">/app/backend/tests/test_admin_features_iteration21.py:346: No admin user found</skipped></testcase><testcase classname="backend.tests.test_admin_features_iteration21.TestAdminDeleteUser" name="test_cannot_delete_super_admin" time="0.789" /><testcase classname="backend.tests.test_admin_features_iteration21.TestDeleteButtonVisibility" name="test_admin_role_permissions" time="0.595" /></testsuite></testsuites>