<?xml version="1.0" encoding="utf-8"?><testsuites name="pytest tests"><testsuite name="pytest" errors="0" failures="0" skipped="0" tests="9" time="0.850" timestamp="2026-02-04T08:56:20.139052+00:00" hostname="agent-env-82a96746-b45b-41f1-84cd-c51cf5d79c97"><testcase classname="backend.tests.test_financial_summary.TestAuthenticatedFinancialSummary" name="test_get_financial_summary_success" time="0.317" /><testcase classname="backend.tests.test_financial_summary.TestAuthenticatedFinancialSummary" name="test_financial_summary_invoices_list" time="0.040" /><testcase classname="backend.tests.test_financial_summary.TestAuthenticatedFinancialSummary" name="test_financial_summary_calculations" time="0.037" /><testcase classname="backend.tests.test_financial_summary.TestAuthenticatedFinancialSummary" name="test_financial_summary_not_found" time="0.040" /><testcase classname="backend.tests.test_financial_summary.TestAuthenticatedFinancialSummary" name="test_financial_summary_unauthorized" time="0.035" /><testcase classname="backend.tests.test_financial_summary.TestPublicFinancialSummary" name="test_public_financial_summary_success" time="0.038" /><testcase classname="backend.tests.test_financial_summary.TestPublicFinancialSummary" name="test_public_financial_summary_invalid_token" time="0.034" /><testcase classname="backend.tests.test_financial_summary.TestPublicFinancialSummary" name="test_public_financial_summary_data_matches_authenticated" time="0.076" /><testcase classname="backend.tests.test_financial_summary.TestFinancialSummaryEdgeCases" name="test_financial_summary_with_new_quote" time="0.179" /></testsuite></testsuites>