<?xml version="1.0" encoding="utf-8"?><testsuites name="pytest tests"><testsuite name="pytest" errors="0" failures="0" skipped="5" tests="12" time="36.600" timestamp="2026-02-26T03:11:50.371782+00:00" hostname="agent-env-45b7fd16-2682-4796-8c3c-ab1e76b2ac46"><testcase classname="backend.tests.test_categories_v2.TestV2CategoriesAPI" name="test_seed_v2_categories" time="21.836" /><testcase classname="backend.tests.test_categories_v2.TestV2CategoriesAPI" name="test_get_categories_v2" time="1.422" /><testcase classname="backend.tests.test_categories_v2.TestV2CategoriesAPI" name="test_get_categories_with_subcategories_v2" time="2.163" /><testcase classname="backend.tests.test_categories_v2.TestV2CategoriesAPI" name="test_get_category_subcategories_v2" time="1.736" /><testcase classname="backend.tests.test_categories_v2.TestV2CategoriesAPI" name="test_get_subcategory_items_v2" time="3.061" /><testcase classname="backend.tests.test_categories_v2.TestV2CategoriesAPI" name="test_get_kits_v2" time="1.415" /><testcase classname="backend.tests.test_categories_v2.TestV2CategoriesAPI" name="test_get_kit_with_expanded_items_v2" time="0.637"><skipped type="pytest.skip" message="Rate limited - skipping test">/app/backend/tests/test_categories_v2.py:246: Rate limited - skipping test</skipped></testcase><testcase classname="backend.tests.test_categories_v2.TestV2CategoriesAPI" name="test_smart_pricing_by_business_type" time="0.741"><skipped type="pytest.skip" message="Rate limited - skipping test">/app/backend/tests/test_categories_v2.py:293: Rate limited - skipping test</skipped></testcase><testcase classname="backend.tests.test_categories_v2.TestV1BackwardCompatibility" name="test_v1_get_categories" time="1.475" /><testcase classname="backend.tests.test_categories_v2.TestV1BackwardCompatibility" name="test_v1_get_categories_with_items" time="0.653"><skipped type="pytest.skip" message="Rate limited - skipping test">/app/backend/tests/test_categories_v2.py:359: Rate limited - skipping test</skipped></testcase><testcase classname="backend.tests.test_categories_v2.TestFrontendIntegration" name="test_frontend_category_flow" time="0.611"><skipped type="pytest.skip" message="Rate limited - skipping test">/app/backend/tests/test_categories_v2.py:400: Rate limited - skipping test</skipped></testcase><testcase classname="backend.tests.test_categories_v2.TestFrontendIntegration" name="test_frontend_kit_flow" time="0.617"><skipped type="pytest.skip" message="Rate limited - skipping test">/app/backend/tests/test_categories_v2.py:438: Rate limited - skipping test</skipped></testcase></testsuite></testsuites>