<?xml version="1.0" encoding="utf-8"?><testsuites name="pytest tests"><testsuite name="pytest" errors="0" failures="0" skipped="0" tests="24" time="8.844" timestamp="2026-02-27T01:05:55.928979+00:00" hostname="agent-env-1334e593-fb97-4c98-809b-759466a95fef"><testcase classname="backend.tests.test_saas_monetization.TestSaaSPlansEndpoint" name="test_plans_returns_3_plans" time="0.210" /><testcase classname="backend.tests.test_saas_monetization.TestSaaSPlansEndpoint" name="test_plans_have_correct_ids" time="0.153" /><testcase classname="backend.tests.test_saas_monetization.TestSaaSPlansEndpoint" name="test_essentiel_plan_pricing" time="0.145" /><testcase classname="backend.tests.test_saas_monetization.TestSaaSPlansEndpoint" name="test_pro_plan_pricing" time="0.193" /><testcase classname="backend.tests.test_saas_monetization.TestSaaSPlansEndpoint" name="test_business_plan_pricing" time="0.124" /><testcase classname="backend.tests.test_saas_monetization.TestSaaSPlansEndpoint" name="test_yearly_savings_calculation" time="0.108" /><testcase classname="backend.tests.test_saas_monetization.TestSaaSSubscriptionEndpoint" name="test_subscription_requires_auth" time="0.108" /><testcase classname="backend.tests.test_saas_monetization.TestSaaSSubscriptionEndpoint" name="test_subscription_returns_user_info" time="1.136" /><testcase classname="backend.tests.test_saas_monetization.TestSaaSSubscriptionEndpoint" name="test_subscription_has_trial_info" time="0.578" /><testcase classname="backend.tests.test_saas_monetization.TestSaaSUsageEndpoint" name="test_usage_requires_auth" time="0.142" /><testcase classname="backend.tests.test_saas_monetization.TestSaaSUsageEndpoint" name="test_usage_returns_stats" time="0.547" /><testcase classname="backend.tests.test_saas_monetization.TestSaaSCheckoutEndpoint" name="test_checkout_requires_auth" time="0.162" /><testcase classname="backend.tests.test_saas_monetization.TestSaaSCheckoutEndpoint" name="test_checkout_validates_plan" time="0.239" /><testcase classname="backend.tests.test_saas_monetization.TestSaaSCheckoutEndpoint" name="test_checkout_with_valid_plan" time="0.569" /><testcase classname="backend.tests.test_saas_monetization.TestCSVExportProFeature" name="test_invoices_csv_requires_pro" time="0.366" /><testcase classname="backend.tests.test_saas_monetization.TestCSVExportProFeature" name="test_quotes_csv_requires_pro" time="0.343" /><testcase classname="backend.tests.test_saas_monetization.TestCSVExportProFeature" name="test_clients_csv_requires_pro" time="0.345" /><testcase classname="backend.tests.test_saas_monetization.TestCSVExportProFeature" name="test_accounting_csv_requires_pro" time="0.369" /><testcase classname="backend.tests.test_saas_monetization.TestRemindersProFeature" name="test_reminders_stats_for_trial_user" time="0.386" /><testcase classname="backend.tests.test_saas_monetization.TestRemindersProFeature" name="test_pending_reminders_for_trial_user" time="0.339" /><testcase classname="backend.tests.test_saas_monetization.TestFeatureAccessEndpoint" name="test_csv_export_feature_denied_for_trial" time="0.566" /><testcase classname="backend.tests.test_saas_monetization.TestFeatureAccessEndpoint" name="test_automatic_reminders_feature_denied_for_trial" time="0.541" /><testcase classname="backend.tests.test_saas_monetization.TestFeatureAccessEndpoint" name="test_pdf_export_feature_allowed_for_trial" time="0.539" /><testcase classname="backend.tests.test_saas_monetization.TestTrialLimits" name="test_trial_user_has_9_limit" time="0.553" /></testsuite></testsuites>