<?xml version="1.0" encoding="utf-8"?><testsuites name="pytest tests"><testsuite name="pytest" errors="0" failures="0" skipped="2" tests="12" time="12.220" timestamp="2026-02-26T03:38:32.488911+00:00" hostname="agent-env-45b7fd16-2682-4796-8c3c-ab1e76b2ac46"><testcase classname="backend.tests.test_landing_registration_v2.TestLandingPagesAndRegistration" name="test_backend_health" time="0.339" /><testcase classname="backend.tests.test_landing_registration_v2.TestLandingPagesAndRegistration" name="test_registration_accepts_business_type" time="1.443" /><testcase classname="backend.tests.test_landing_registration_v2.TestLandingPagesAndRegistration" name="test_registration_validates_business_type" time="1.340" /><testcase classname="backend.tests.test_landing_registration_v2.TestV2CategoriesAPI" name="test_v2_categories_returns_list" time="0.940" /><testcase classname="backend.tests.test_landing_registration_v2.TestV2CategoriesAPI" name="test_v2_categories_with_subcategories" time="1.077" /><testcase classname="backend.tests.test_landing_registration_v2.TestV2CategoriesAPI" name="test_v2_subcategory_items_with_smart_price" time="1.958" /><testcase classname="backend.tests.test_landing_registration_v2.TestV2CategoriesAPI" name="test_v2_kits_returns_list" time="0.321" /><testcase classname="backend.tests.test_landing_registration_v2.TestV2CategoriesAPI" name="test_v2_kit_details_with_expanded_items" time="1.748" /><testcase classname="backend.tests.test_landing_registration_v2.TestBackwardCompatibility" name="test_old_categories_endpoint" time="0.875" /><testcase classname="backend.tests.test_landing_registration_v2.TestBackwardCompatibility" name="test_old_categories_with_items_endpoint" time="1.082" /><testcase classname="backend.tests.test_landing_registration_v2.TestQuoteInvoiceConsistency" name="test_create_quote_with_items" time="0.925"><skipped type="pytest.skip" message="Failed to create test client">/app/backend/tests/test_landing_registration_v2.py:238: Failed to create test client</skipped></testcase><testcase classname="backend.tests.test_landing_registration_v2.TestQuoteInvoiceConsistency" name="test_create_invoice_with_items" time="0.000"><skipped type="pytest.skip" message="Failed to create test client">/app/backend/tests/test_landing_registration_v2.py:270: Failed to create test client</skipped></testcase></testsuite></testsuites>