<?xml version="1.0" encoding="utf-8"?><testsuites name="pytest tests"><testsuite name="pytest" errors="0" failures="0" skipped="0" tests="5" time="0.912" timestamp="2026-02-04T11:30:50.734866+00:00" hostname="agent-env-75d1dfe1-b340-47d4-b5cd-6e94c4c82e0f"><testcase classname="backend.tests.test_financial_summary_pdf.TestFinancialSummaryPDFEndpoint" name="test_financial_summary_endpoint_returns_data" time="0.497" /><testcase classname="backend.tests.test_financial_summary_pdf.TestFinancialSummaryPDFEndpoint" name="test_download_financial_summary_pdf_success" time="0.046" /><testcase classname="backend.tests.test_financial_summary_pdf.TestFinancialSummaryPDFEndpoint" name="test_download_financial_summary_pdf_not_found" time="0.037" /><testcase classname="backend.tests.test_financial_summary_pdf.TestFinancialSummaryPDFEndpoint" name="test_download_financial_summary_pdf_unauthorized" time="0.035" /><testcase classname="backend.tests.test_financial_summary_pdf.TestFinancialSummaryPDFContent" name="test_pdf_contains_valid_structure" time="0.248" /></testsuite></testsuites>