<?xml version="1.0" encoding="utf-8"?><testsuites name="pytest tests"><testsuite name="pytest" errors="0" failures="0" skipped="0" tests="21" time="6.041" timestamp="2026-02-04T07:34:36.293427+00:00" hostname="agent-env-82a96746-b45b-41f1-84cd-c51cf5d79c97"><testcase classname="backend.tests.test_retenue_garantie.TestRetenueGarantie" name="test_01_create_test_invoice_for_retenue" time="0.418" /><testcase classname="backend.tests.test_retenue_garantie.TestRetenueGarantie" name="test_02_apply_retenue_garantie_5_percent" time="0.302" /><testcase classname="backend.tests.test_retenue_garantie.TestRetenueGarantie" name="test_03_verify_invoice_has_retenue" time="0.335" /><testcase classname="backend.tests.test_retenue_garantie.TestRetenueGarantie" name="test_04_reject_rate_above_5_percent" time="0.330" /><testcase classname="backend.tests.test_retenue_garantie.TestRetenueGarantie" name="test_05_reject_rate_zero_or_negative" time="0.294" /><testcase classname="backend.tests.test_retenue_garantie.TestRetenueGarantie" name="test_06_apply_different_rates" time="0.337" /><testcase classname="backend.tests.test_retenue_garantie.TestRetenueGarantie" name="test_07_remove_retenue_garantie" time="0.323" /><testcase classname="backend.tests.test_retenue_garantie.TestRetenueGarantie" name="test_08_release_retenue_garantie" time="0.300" /><testcase classname="backend.tests.test_retenue_garantie.TestRetenueGarantie" name="test_09_verify_released_status" time="0.303" /><testcase classname="backend.tests.test_retenue_garantie.TestRetenueGarantie" name="test_10_cannot_release_already_released" time="0.289" /><testcase classname="backend.tests.test_retenue_garantie.TestRetenueGarantie" name="test_11_cannot_remove_released_retenue" time="0.293" /><testcase classname="backend.tests.test_retenue_garantie.TestRetenueGarantie" name="test_12_cannot_release_without_retenue" time="0.329" /><testcase classname="backend.tests.test_retenue_garantie.TestRetenueGarantie" name="test_13_retenue_on_nonexistent_invoice" time="0.410" /><testcase classname="backend.tests.test_retenue_garantie.TestRetenueGarantie" name="test_14_warranty_duration_options" time="0.330" /><testcase classname="backend.tests.test_retenue_garantie.TestRetenueGarantieSummary" name="test_15_summary_for_nonexistent_quote" time="0.291" /><testcase classname="backend.tests.test_retenue_garantie.TestRetenueGarantieSummary" name="test_16_summary_structure" time="0.335" /><testcase classname="backend.tests.test_retenue_garantie.TestRetenueGarantieAuth" name="test_17_apply_without_auth" time="0.031" /><testcase classname="backend.tests.test_retenue_garantie.TestRetenueGarantieAuth" name="test_18_release_without_auth" time="0.030" /><testcase classname="backend.tests.test_retenue_garantie.TestRetenueGarantieAuth" name="test_19_summary_without_auth" time="0.032" /><testcase classname="backend.tests.test_retenue_garantie.TestRetenueGarantieSettings" name="test_20_settings_include_retenue_fields" time="0.286" /><testcase classname="backend.tests.test_retenue_garantie.TestRetenueGarantieSettings" name="test_21_update_retenue_settings" time="0.362" /></testsuite></testsuites>