<?xml version="1.0" encoding="utf-8"?><testsuites name="pytest tests"><testsuite name="pytest" errors="0" failures="0" skipped="0" tests="23" time="133.652" timestamp="2026-03-05T20:53:15.351928+00:00" hostname="agent-env-213a8dbc-b6ef-4eb8-b6d0-c5ff508ad34a"><testcase classname="tests.test_p0_features.TestAuthentication" name="test_login_success" time="0.692" /><testcase classname="tests.test_p0_features.TestProfileCompletion" name="test_profile_completion_endpoint" time="1.147" /><testcase classname="tests.test_p0_features.TestProfileCompletion" name="test_profile_completion_categories" time="0.351" /><testcase classname="tests.test_p0_features.TestProfileCompletion" name="test_profile_completion_items_count" time="0.412" /><testcase classname="tests.test_p0_features.TestWorkItemsAPI" name="test_list_work_items" time="4.630" /><testcase classname="tests.test_p0_features.TestWorkItemsAPI" name="test_get_categories" time="3.882" /><testcase classname="tests.test_p0_features.TestWorkItemsAPI" name="test_get_units" time="2.573" /><testcase classname="tests.test_p0_features.TestWorkItemsAPI" name="test_create_work_item" time="7.996" /><testcase classname="tests.test_p0_features.TestWorkItemsAPI" name="test_get_work_item_by_id" time="7.781" /><testcase classname="tests.test_p0_features.TestWorkItemsAPI" name="test_update_work_item" time="7.886" /><testcase classname="tests.test_p0_features.TestWorkItemsAPI" name="test_duplicate_work_item" time="8.245" /><testcase classname="tests.test_p0_features.TestWorkItemsAPI" name="test_delete_work_item" time="12.052" /><testcase classname="tests.test_p0_features.TestWorkItemsAPI" name="test_work_item_filter_by_category" time="4.040" /><testcase classname="tests.test_p0_features.TestProjectsAPI" name="test_list_projects" time="4.437" /><testcase classname="tests.test_p0_features.TestProjectsAPI" name="test_create_project" time="8.916" /><testcase classname="tests.test_p0_features.TestProjectsAPI" name="test_get_project_by_id" time="8.166" /><testcase classname="tests.test_p0_features.TestProjectsAPI" name="test_update_project" time="8.268" /><testcase classname="tests.test_p0_features.TestProjectsAPI" name="test_delete_project" time="12.783" /><testcase classname="tests.test_p0_features.TestProjectsAPI" name="test_project_filter_by_status" time="3.856" /><testcase classname="tests.test_p0_features.TestProjectsAPI" name="test_project_timeline" time="4.281" /><testcase classname="tests.test_p0_features.TestProjectsAPI" name="test_project_margins" time="3.843" /><testcase classname="tests.test_p0_features.TestCleanup" name="test_cleanup_test_work_items" time="8.630" /><testcase classname="tests.test_p0_features.TestCleanup" name="test_cleanup_test_projects" time="8.657" /></testsuite></testsuites>