<?xml version="1.0" encoding="utf-8"?><testsuites name="pytest tests"><testsuite name="pytest" errors="6" failures="0" skipped="0" tests="20" time="9.439" timestamp="2026-03-05T15:10:00.488976+00:00" hostname="agent-env-8f09d10a-ea23-4ad6-8bed-7337fb919046"><testcase classname="backend.tests.test_ui_bugs_iteration20.TestAuthentication" name="test_admin_login_success" time="0.623" /><testcase classname="backend.tests.test_ui_bugs_iteration20.TestAuthentication" name="test_user_login_success" time="0.594" /><testcase classname="backend.tests.test_ui_bugs_iteration20.TestAuthentication" name="test_login_invalid_credentials" time="0.229" /><testcase classname="backend.tests.test_ui_bugs_iteration20.TestAuthentication" name="test_login_missing_fields" time="0.149" /><testcase classname="backend.tests.test_ui_bugs_iteration20.TestSettingsPage" name="test_get_settings_authenticated" time="1.072" /><testcase classname="backend.tests.test_ui_bugs_iteration20.TestSettingsPage" name="test_update_settings" time="0.781" /><testcase classname="backend.tests.test_ui_bugs_iteration20.TestSettingsPage" name="test_settings_unauthenticated" time="0.116" /><testcase classname="backend.tests.test_ui_bugs_iteration20.TestLogoUpload" name="test_upload_logo_png" time="0.875" /><testcase classname="backend.tests.test_ui_bugs_iteration20.TestLogoUpload" name="test_upload_logo_jpeg" time="0.330" /><testcase classname="backend.tests.test_ui_bugs_iteration20.TestLogoUpload" name="test_logo_persists_in_settings" time="0.425" /><testcase classname="backend.tests.test_ui_bugs_iteration20.TestAdminAccess" name="test_admin_can_access_users_list" time="1.078" /><testcase classname="backend.tests.test_ui_bugs_iteration20.TestAdminAccess" name="test_regular_user_cannot_access_users_list" time="0.756" /><testcase classname="backend.tests.test_ui_bugs_iteration20.TestAdminAccess" name="test_admin_can_access_dashboard" time="0.870" /><testcase classname="backend.tests.test_ui_bugs_iteration20.TestAdminAccess" name="test_admin_can_access_metrics" time="1.273" /><testcase classname="backend.tests.test_ui_bugs_iteration20.TestClientsCRUD" name="test_create_client" time="0.141"><error message="failed on setup with &quot;assert 429 == 200&#10; +  where 429 = &lt;Response [429]&gt;.status_code&quot;">backend/tests/test_ui_bugs_iteration20.py:293: in user_token
    assert response.status_code == 200
E   assert 429 == 200
E    +  where 429 = &lt;Response [429]&gt;.status_code</error></testcase><testcase classname="backend.tests.test_ui_bugs_iteration20.TestClientsCRUD" name="test_get_clients_list" time="0.000"><error message="failed on setup with &quot;assert 429 == 200&#10; +  where 429 = &lt;Response [429]&gt;.status_code&quot;">backend/tests/test_ui_bugs_iteration20.py:293: in user_token
    assert response.status_code == 200
E   assert 429 == 200
E    +  where 429 = &lt;Response [429]&gt;.status_code</error></testcase><testcase classname="backend.tests.test_ui_bugs_iteration20.TestClientsCRUD" name="test_get_single_client" time="0.000"><error message="failed on setup with &quot;assert 429 == 200&#10; +  where 429 = &lt;Response [429]&gt;.status_code&quot;">backend/tests/test_ui_bugs_iteration20.py:293: in user_token
    assert response.status_code == 200
E   assert 429 == 200
E    +  where 429 = &lt;Response [429]&gt;.status_code</error></testcase><testcase classname="backend.tests.test_ui_bugs_iteration20.TestClientsCRUD" name="test_update_client" time="0.000"><error message="failed on setup with &quot;assert 429 == 200&#10; +  where 429 = &lt;Response [429]&gt;.status_code&quot;">backend/tests/test_ui_bugs_iteration20.py:293: in user_token
    assert response.status_code == 200
E   assert 429 == 200
E    +  where 429 = &lt;Response [429]&gt;.status_code</error></testcase><testcase classname="backend.tests.test_ui_bugs_iteration20.TestClientsCRUD" name="test_delete_client" time="0.000"><error message="failed on setup with &quot;assert 429 == 200&#10; +  where 429 = &lt;Response [429]&gt;.status_code&quot;">backend/tests/test_ui_bugs_iteration20.py:293: in user_token
    assert response.status_code == 200
E   assert 429 == 200
E    +  where 429 = &lt;Response [429]&gt;.status_code</error></testcase><testcase classname="backend.tests.test_ui_bugs_iteration20.TestClientsCRUD" name="test_create_client_validation" time="0.000"><error message="failed on setup with &quot;assert 429 == 200&#10; +  where 429 = &lt;Response [429]&gt;.status_code&quot;">backend/tests/test_ui_bugs_iteration20.py:293: in user_token
    assert response.status_code == 200
E   assert 429 == 200
E    +  where 429 = &lt;Response [429]&gt;.status_code</error></testcase></testsuite></testsuites>