<?xml version="1.0" encoding="utf-8"?><testsuites name="pytest tests"><testsuite name="pytest" errors="0" failures="0" skipped="1" tests="25" time="10.923" timestamp="2026-02-26T03:55:03.792780+00:00" hostname="agent-env-45b7fd16-2682-4796-8c3c-ab1e76b2ac46"><testcase classname="backend.tests.test_subscription_system.TestSubscriptionPlans" name="test_get_subscription_plans_returns_3_plans" time="0.185" /><testcase classname="backend.tests.test_subscription_system.TestSubscriptionPlans" name="test_essentiel_plan_has_correct_price" time="0.122" /><testcase classname="backend.tests.test_subscription_system.TestSubscriptionPlans" name="test_pro_plan_has_correct_price" time="0.118" /><testcase classname="backend.tests.test_subscription_system.TestSubscriptionPlans" name="test_business_plan_has_correct_price" time="0.110" /><testcase classname="backend.tests.test_subscription_system.TestSubscriptionPlans" name="test_plans_have_features" time="0.118" /><testcase classname="backend.tests.test_subscription_system.TestSubscriptionPlans" name="test_essentiel_has_30_invoice_limit" time="0.121" /><testcase classname="backend.tests.test_subscription_system.TestSubscriptionPlans" name="test_pro_has_unlimited_invoices" time="0.109" /><testcase classname="backend.tests.test_subscription_system.TestSubscriptionPlans" name="test_business_has_unlimited_invoices" time="0.142" /><testcase classname="backend.tests.test_subscription_system.TestSubscriptionPlans" name="test_essentiel_no_kits_access" time="0.127" /><testcase classname="backend.tests.test_subscription_system.TestSubscriptionPlans" name="test_pro_has_kits_access" time="0.129" /><testcase classname="backend.tests.test_subscription_system.TestSubscriptionPlans" name="test_business_has_kits_access" time="0.108" /><testcase classname="backend.tests.test_subscription_system.TestSubscriptionStatus" name="test_subscription_status_requires_auth" time="0.117" /><testcase classname="backend.tests.test_subscription_system.TestSubscriptionStatus" name="test_subscription_status_returns_data" time="0.984" /><testcase classname="backend.tests.test_subscription_system.TestSubscriptionStatus" name="test_subscription_status_has_features" time="0.987" /><testcase classname="backend.tests.test_subscription_system.TestCheckoutSession" name="test_checkout_requires_auth" time="0.118" /><testcase classname="backend.tests.test_subscription_system.TestCheckoutSession" name="test_checkout_rejects_invalid_plan" time="0.781" /><testcase classname="backend.tests.test_subscription_system.TestCheckoutSession" name="test_checkout_accepts_valid_plan" time="1.836" /><testcase classname="backend.tests.test_subscription_system.TestCancelSubscription" name="test_cancel_requires_auth" time="0.166" /><testcase classname="backend.tests.test_subscription_system.TestCancelSubscription" name="test_cancel_on_trial_returns_error" time="0.978" /><testcase classname="backend.tests.test_subscription_system.TestFeatureAccess" name="test_feature_access_requires_auth" time="0.130" /><testcase classname="backend.tests.test_subscription_system.TestFeatureAccess" name="test_feature_access_returns_data" time="0.986" /><testcase classname="backend.tests.test_subscription_system.TestFeatureAccess" name="test_feature_access_create_invoice" time="0.988" /><testcase classname="backend.tests.test_subscription_system.TestFeatureAccess" name="test_feature_access_create_quote" time="0.973" /><testcase classname="backend.tests.test_subscription_system.TestWebhookEndpoint" name="test_webhook_endpoint_exists" time="0.120" /><testcase classname="backend.tests.test_subscription_system.TestTrialSystem" name="test_subscription_status_shows_trial_info" time="0.155"><skipped type="pytest.skip" message="Authentication failed: 429">/app/backend/tests/test_subscription_system.py:368: Authentication failed: 429</skipped></testcase></testsuite></testsuites>