<?xml version="1.0" encoding="utf-8"?><testsuites name="pytest tests"><testsuite name="pytest" errors="0" failures="0" skipped="0" tests="16" time="1.614" timestamp="2026-02-04T03:29:58.109784+00:00" hostname="agent-env-82a96746-b45b-41f1-84cd-c51cf5d79c97"><testcase classname="backend.tests.test_situations.TestSituationsAPI" name="test_get_situations_summary_empty" time="0.488" /><testcase classname="backend.tests.test_situations.TestSituationsAPI" name="test_list_situations_empty" time="0.037" /><testcase classname="backend.tests.test_situations.TestSituationsAPI" name="test_create_situation_global_mode" time="0.074" /><testcase classname="backend.tests.test_situations.TestSituationsAPI" name="test_create_situation_per_line_mode" time="0.079" /><testcase classname="backend.tests.test_situations.TestSituationsAPI" name="test_situations_summary_after_creation" time="0.036" /><testcase classname="backend.tests.test_situations.TestSituationsAPI" name="test_list_situations_after_creation" time="0.039" /><testcase classname="backend.tests.test_situations.TestSituationValidation" name="test_situation_percentage_must_increase" time="0.075" /><testcase classname="backend.tests.test_situations.TestSituationValidation" name="test_situation_percentage_max_100" time="0.038" /><testcase classname="backend.tests.test_situations.TestSituationValidation" name="test_situation_requires_accepte_status" time="0.156" /><testcase classname="backend.tests.test_situations.TestSituationValidation" name="test_per_line_requires_line_items" time="0.038" /><testcase classname="backend.tests.test_situations.TestSituationValidation" name="test_global_requires_percentage" time="0.039" /><testcase classname="backend.tests.test_situations.TestSituationFinalInvoice" name="test_create_situation_final_invoice" time="0.080" /><testcase classname="backend.tests.test_situations.TestSituationFinalInvoice" name="test_final_invoice_requires_situations" time="0.176" /><testcase classname="backend.tests.test_situations.TestSituationEdgeCases" name="test_situation_nonexistent_quote" time="0.078" /><testcase classname="backend.tests.test_situations.TestSituationEdgeCases" name="test_situation_requires_auth" time="0.035" /><testcase classname="backend.tests.test_situations.TestSituationEdgeCases" name="test_situation_appears_in_invoices_list" time="0.076" /></testsuite></testsuites>