<?xml version="1.0" encoding="utf-8"?><testsuites name="pytest tests"><testsuite name="pytest" errors="3" failures="2" skipped="0" tests="20" time="11.158" timestamp="2026-03-05T15:09:23.592818+00:00" hostname="agent-env-8f09d10a-ea23-4ad6-8bed-7337fb919046"><testcase classname="backend.tests.test_ui_bugs_iteration20.TestAuthentication" name="test_admin_login_success" time="0.711" /><testcase classname="backend.tests.test_ui_bugs_iteration20.TestAuthentication" name="test_user_login_success" time="0.555" /><testcase classname="backend.tests.test_ui_bugs_iteration20.TestAuthentication" name="test_login_invalid_credentials" time="0.256" /><testcase classname="backend.tests.test_ui_bugs_iteration20.TestAuthentication" name="test_login_missing_fields" time="0.114" /><testcase classname="backend.tests.test_ui_bugs_iteration20.TestSettingsPage" name="test_get_settings_authenticated" time="1.018" /><testcase classname="backend.tests.test_ui_bugs_iteration20.TestSettingsPage" name="test_update_settings" time="0.761" /><testcase classname="backend.tests.test_ui_bugs_iteration20.TestSettingsPage" name="test_settings_unauthenticated" time="0.106" /><testcase classname="backend.tests.test_ui_bugs_iteration20.TestLogoUpload" name="test_upload_logo_png" time="0.890"><failure message="AssertionError: Response should contain logo_base64&#10;assert 'logo_base64' in {'logo': 'data:image/png;base64,iVBORw0KGgoAAAANSUhEUgAAAAEAAAABCAYAAAAfFcSJAAAADUlEQVR42mNk+M9QDwADhgGAWjR9awAAAABJRU5ErkJggg==', 'message': 'Logo téléchargé avec succès'}">backend/tests/test_ui_bugs_iteration20.py:177: in test_upload_logo_png
    assert "logo_base64" in data, "Response should contain logo_base64"
E   AssertionError: Response should contain logo_base64
E   assert 'logo_base64' in {'logo': 'data:image/png;base64,iVBORw0KGgoAAAANSUhEUgAAAAEAAAABCAYAAAAfFcSJAAAADUlEQVR42mNk+M9QDwADhgGAWjR9awAAAABJRU5ErkJggg==', 'message': 'Logo téléchargé avec succès'}</failure></testcase><testcase classname="backend.tests.test_ui_bugs_iteration20.TestLogoUpload" name="test_upload_logo_jpeg" time="0.337" /><testcase classname="backend.tests.test_ui_bugs_iteration20.TestLogoUpload" name="test_logo_persists_in_settings" time="0.416" /><testcase classname="backend.tests.test_ui_bugs_iteration20.TestAdminAccess" name="test_admin_can_access_users_list" time="1.062" /><testcase classname="backend.tests.test_ui_bugs_iteration20.TestAdminAccess" name="test_regular_user_cannot_access_users_list" time="0.803" /><testcase classname="backend.tests.test_ui_bugs_iteration20.TestAdminAccess" name="test_admin_can_access_dashboard" time="0.893" /><testcase classname="backend.tests.test_ui_bugs_iteration20.TestAdminAccess" name="test_admin_can_access_metrics" time="1.260" /><testcase classname="backend.tests.test_ui_bugs_iteration20.TestClientsCRUD" name="test_create_client" time="0.885"><failure message="AssertionError: Create client failed: {&quot;id&quot;:&quot;fb356c5c-c785-45b7-801a-35253405e623&quot;,&quot;name&quot;:&quot;TEST_NewClient_dcbe12&quot;,&quot;address&quot;:&quot;456 New Street&quot;,&quot;phone&quot;:&quot;0698765432&quot;,&quot;email&quot;:&quot;newclient@test.com&quot;,&quot;created_at&quot;:&quot;2026-03-05T15:09:33.675191+00:00&quot;}&#10;assert 200 == 201&#10; +  where 200 = &lt;Response [200]&gt;.status_code">backend/tests/test_ui_bugs_iteration20.py:328: in test_create_client
    assert response.status_code == 201, f"Create client failed: {response.text}"
E   AssertionError: Create client failed: {"id":"fb356c5c-c785-45b7-801a-35253405e623","name":"TEST_NewClient_dcbe12","address":"456 New Street","phone":"0698765432","email":"newclient@test.com","created_at":"2026-03-05T15:09:33.675191+00:00"}
E   assert 200 == 201
E    +  where 200 = &lt;Response [200]&gt;.status_code</failure></testcase><testcase classname="backend.tests.test_ui_bugs_iteration20.TestClientsCRUD" name="test_get_clients_list" time="0.344" /><testcase classname="backend.tests.test_ui_bugs_iteration20.TestClientsCRUD" name="test_get_single_client" time="0.346"><error message="failed on setup with &quot;AssertionError: Create client failed: {&quot;id&quot;:&quot;a7c8424b-685e-4ec4-baaf-57751644ae1b&quot;,&quot;name&quot;:&quot;TEST_Client_c76fde&quot;,&quot;address&quot;:&quot;123 Test Street&quot;,&quot;phone&quot;:&quot;0612345678&quot;,&quot;email&quot;:&quot;testclient@test.com&quot;,&quot;created_at&quot;:&quot;2026-03-05T15:09:34.381536+00:00&quot;}&#10;assert 200 == 201&#10; +  where 200 = &lt;Response [200]&gt;.status_code&quot;">backend/tests/test_ui_bugs_iteration20.py:311: in test_client_id
    assert response.status_code == 201, f"Create client failed: {response.text}"
E   AssertionError: Create client failed: {"id":"a7c8424b-685e-4ec4-baaf-57751644ae1b","name":"TEST_Client_c76fde","address":"123 Test Street","phone":"0612345678","email":"testclient@test.com","created_at":"2026-03-05T15:09:34.381536+00:00"}
E   assert 200 == 201
E    +  where 200 = &lt;Response [200]&gt;.status_code</error></testcase><testcase classname="backend.tests.test_ui_bugs_iteration20.TestClientsCRUD" name="test_update_client" time="0.000"><error message="failed on setup with &quot;AssertionError: Create client failed: {&quot;id&quot;:&quot;a7c8424b-685e-4ec4-baaf-57751644ae1b&quot;,&quot;name&quot;:&quot;TEST_Client_c76fde&quot;,&quot;address&quot;:&quot;123 Test Street&quot;,&quot;phone&quot;:&quot;0612345678&quot;,&quot;email&quot;:&quot;testclient@test.com&quot;,&quot;created_at&quot;:&quot;2026-03-05T15:09:34.381536+00:00&quot;}&#10;assert 200 == 201&#10; +  where 200 = &lt;Response [200]&gt;.status_code&quot;">backend/tests/test_ui_bugs_iteration20.py:311: in test_client_id
    assert response.status_code == 201, f"Create client failed: {response.text}"
E   AssertionError: Create client failed: {"id":"a7c8424b-685e-4ec4-baaf-57751644ae1b","name":"TEST_Client_c76fde","address":"123 Test Street","phone":"0612345678","email":"testclient@test.com","created_at":"2026-03-05T15:09:34.381536+00:00"}
E   assert 200 == 201
E    +  where 200 = &lt;Response [200]&gt;.status_code</error></testcase><testcase classname="backend.tests.test_ui_bugs_iteration20.TestClientsCRUD" name="test_delete_client" time="0.000"><error message="failed on setup with &quot;AssertionError: Create client failed: {&quot;id&quot;:&quot;a7c8424b-685e-4ec4-baaf-57751644ae1b&quot;,&quot;name&quot;:&quot;TEST_Client_c76fde&quot;,&quot;address&quot;:&quot;123 Test Street&quot;,&quot;phone&quot;:&quot;0612345678&quot;,&quot;email&quot;:&quot;testclient@test.com&quot;,&quot;created_at&quot;:&quot;2026-03-05T15:09:34.381536+00:00&quot;}&#10;assert 200 == 201&#10; +  where 200 = &lt;Response [200]&gt;.status_code&quot;">backend/tests/test_ui_bugs_iteration20.py:311: in test_client_id
    assert response.status_code == 201, f"Create client failed: {response.text}"
E   AssertionError: Create client failed: {"id":"a7c8424b-685e-4ec4-baaf-57751644ae1b","name":"TEST_Client_c76fde","address":"123 Test Street","phone":"0612345678","email":"testclient@test.com","created_at":"2026-03-05T15:09:34.381536+00:00"}
E   assert 200 == 201
E    +  where 200 = &lt;Response [200]&gt;.status_code</error></testcase><testcase classname="backend.tests.test_ui_bugs_iteration20.TestClientsCRUD" name="test_create_client_validation" time="0.225" /></testsuite></testsuites>