<?xml version="1.0" encoding="utf-8"?><testsuites name="pytest tests"><testsuite name="pytest" errors="0" failures="1" skipped="0" tests="16" time="16.021" timestamp="2026-02-24T03:41:28.115209+00:00" hostname="agent-env-036fe6c9-d2dc-4a30-818d-7c461c7bdda5"><testcase classname="tests.test_otp_features.TestRegistrationWithOTP" name="test_registration_requires_phone" time="0.251" /><testcase classname="tests.test_otp_features.TestRegistrationWithOTP" name="test_registration_with_all_fields_returns_requires_verification" time="0.936" /><testcase classname="tests.test_otp_features.TestRegistrationWithOTP" name="test_registration_phone_validation" time="0.133" /><testcase classname="tests.test_otp_features.TestRegistrationWithOTP" name="test_registration_password_validation" time="0.228" /><testcase classname="tests.test_otp_features.TestOTPVerification" name="test_verify_email_endpoint_exists" time="0.342" /><testcase classname="tests.test_otp_features.TestOTPVerification" name="test_resend_otp_endpoint_exists" time="0.432" /><testcase classname="tests.test_otp_features.TestUserProfile" name="test_profile_endpoint_exists" time="1.061" /><testcase classname="tests.test_otp_features.TestUserProfile" name="test_profile_returns_full_details" time="1.120" /><testcase classname="tests.test_otp_features.TestUserProfile" name="test_profile_update" time="1.599" /><testcase classname="tests.test_otp_features.TestAdminUserDetail" name="test_get_user_detail" time="1.631" /><testcase classname="tests.test_otp_features.TestAdminUserDetail" name="test_request_otp_for_admin_action" time="2.173" /><testcase classname="tests.test_otp_features.TestWebsiteRequest" name="test_website_request_endpoint_exists" time="1.707" /><testcase classname="tests.test_otp_features.TestWebsiteRequest" name="test_website_request_validation" time="1.189" /><testcase classname="tests.test_otp_features.TestWebsiteRequest" name="test_settings_website_field" time="1.205" /><testcase classname="tests.test_otp_features.TestLoginWithOTP" name="test_login_super_admin_no_otp_required" time="0.672" /><testcase classname="tests.test_otp_features.TestLoginWithOTP" name="test_login_unverified_user_returns_403" time="1.246"><failure message="AssertionError: Expected 403, got 429&#10;assert 429 == 403&#10; +  where 429 = &lt;Response [429]&gt;.status_code">tests/test_otp_features.py:293: in test_login_unverified_user_returns_403
    assert login_response.status_code == 403, f"Expected 403, got {login_response.status_code}"
E   AssertionError: Expected 403, got 429
E   assert 429 == 403
E    +  where 429 = &lt;Response [429]&gt;.status_code</failure></testcase></testsuite></testsuites>