<?xml version="1.0" encoding="utf-8"?><testsuites name="pytest tests"><testsuite name="pytest" errors="0" failures="1" skipped="0" tests="16" time="1.734" timestamp="2026-02-04T02:14:51.184987+00:00" hostname="agent-env-354a537b-935e-419a-98e1-b3878a823ec9"><testcase classname="backend.tests.test_new_features.TestRenovationKits" name="test_list_kits_returns_default_kits" time="0.366" /><testcase classname="backend.tests.test_new_features.TestRenovationKits" name="test_default_kits_have_correct_structure" time="0.040" /><testcase classname="backend.tests.test_new_features.TestRenovationKits" name="test_bathroom_kit_has_correct_items" time="0.040" /><testcase classname="backend.tests.test_new_features.TestRenovationKits" name="test_kitchen_kit_has_correct_items" time="0.044" /><testcase classname="backend.tests.test_new_features.TestRenovationKits" name="test_electrical_kit_has_correct_items" time="0.043" /><testcase classname="backend.tests.test_new_features.TestRenovationKits" name="test_create_custom_kit" time="0.124" /><testcase classname="backend.tests.test_new_features.TestRenovationKits" name="test_get_single_kit" time="0.090" /><testcase classname="backend.tests.test_new_features.TestPublicClientView" name="test_public_quote_access_without_auth" time="0.038" /><testcase classname="backend.tests.test_new_features.TestPublicClientView" name="test_public_quote_has_company_info" time="0.044" /><testcase classname="backend.tests.test_new_features.TestPublicClientView" name="test_public_quote_has_status_label" time="0.037" /><testcase classname="backend.tests.test_new_features.TestPublicClientView" name="test_public_quote_pdf_download" time="0.056" /><testcase classname="backend.tests.test_new_features.TestPublicClientView" name="test_invalid_share_token_returns_404" time="0.047" /><testcase classname="backend.tests.test_new_features.TestPublicClientView" name="test_create_share_link_for_quote" time="0.075" /><testcase classname="backend.tests.test_new_features.TestEmailSending" name="test_send_quote_email_endpoint_exists" time="0.294"><failure message="AssertionError: Unexpected status: 520&#10;assert 520 in [200, 500]&#10; +  where 520 = &lt;Response [520]&gt;.status_code">backend/tests/test_new_features.py:270: in test_send_quote_email_endpoint_exists
    assert response.status_code in [200, 500], f"Unexpected status: {response.status_code}"
E   AssertionError: Unexpected status: 520
E   assert 520 in [200, 500]
E    +  where 520 = &lt;Response [520]&gt;.status_code</failure></testcase><testcase classname="backend.tests.test_new_features.TestEmailSending" name="test_send_email_requires_recipient" time="0.081" /><testcase classname="backend.tests.test_new_features.TestShareLinkManagement" name="test_create_and_revoke_quote_share_link" time="0.209" /></testsuite></testsuites>