<?xml version="1.0" encoding="utf-8"?><testsuites name="pytest tests"><testsuite name="pytest" errors="0" failures="0" skipped="0" tests="10" time="1.656" timestamp="2026-03-15T19:46:20.800437+00:00" hostname="agent-env-69fc0016-7b3a-4fb5-87cb-65a3faebfccc"><testcase classname="tests.test_email_integration.TestEmailStatus" name="test_health_endpoint_email_configured" time="0.170" /><testcase classname="tests.test_email_integration.TestEmailStatus" name="test_email_status_endpoint" time="0.145" /><testcase classname="tests.test_email_integration.TestEmailEndpointsStructure" name="test_invoice_email_requires_auth" time="0.116" /><testcase classname="tests.test_email_integration.TestEmailEndpointsStructure" name="test_reminder_endpoint_requires_auth" time="0.171" /><testcase classname="tests.test_email_integration.TestEmailEndpointsStructure" name="test_payment_confirmation_requires_auth" time="0.114" /><testcase classname="tests.test_email_integration.TestEmailEndpointsStructure" name="test_check_reminders_requires_auth" time="0.154" /><testcase classname="tests.test_email_integration.TestEmailEndpointsStructure" name="test_welcome_email_endpoint_structure" time="0.277" /><testcase classname="tests.test_email_integration.TestEmailEndpointsStructure" name="test_otp_email_endpoint_structure" time="0.234" /><testcase classname="tests.test_email_integration.TestEmailEndpointValidation" name="test_invoice_email_validation" time="0.106" /><testcase classname="tests.test_email_integration.TestEmailEndpointValidation" name="test_otp_email_validation" time="0.111" /></testsuite></testsuites>