<?xml version="1.0" encoding="utf-8"?><testsuites name="pytest tests"><testsuite name="pytest" errors="0" failures="0" skipped="0" tests="9" time="12.457" timestamp="2026-02-27T00:42:12.844705+00:00" hostname="agent-env-1334e593-fb97-4c98-809b-759466a95fef"><testcase classname="backend.tests.test_v3_article_management.TestV3CategoriesAPI" name="test_v3_categories_list_returns_10_categories" time="0.973" /><testcase classname="backend.tests.test_v3_article_management.TestV3CategoriesAPI" name="test_v3_categories_with_items_returns_239_items" time="1.925" /><testcase classname="backend.tests.test_v3_article_management.TestV3CategoriesAPI" name="test_v3_single_category" time="1.101" /><testcase classname="backend.tests.test_v3_article_management.TestV3CategoriesAPI" name="test_v3_category_items" time="1.133" /><testcase classname="backend.tests.test_v3_article_management.TestV3KitsAPI" name="test_v3_kits_list_returns_8_kits" time="0.877" /><testcase classname="backend.tests.test_v3_article_management.TestV3KitsAPI" name="test_v3_single_kit" time="2.168" /><testcase classname="backend.tests.test_v3_article_management.TestQuoteStatsUsageAPI" name="test_quote_stats_usage_endpoint" time="0.937" /><testcase classname="backend.tests.test_v3_article_management.TestQuoteCreationWithTrialLimit" name="test_quote_creation_endpoint_exists" time="1.819" /><testcase classname="backend.tests.test_v3_article_management.TestRegistrationWithoutBusinessType" name="test_registration_without_business_type" time="1.455" /></testsuite></testsuites>